<?xml version="1.0" encoding="UTF-8"?>
<testsuite xmlns:xsi="http://www.w3.org/2001/XMLSchema-instance" xsi:noNamespaceSchemaLocation="https://maven.apache.org/surefire/maven-surefire-plugin/xsd/surefire-test-report-3.0.xsd" version="3.0" name="runner.RunCucumberTest" time="8.343" tests="6" errors="0" skipped="0" failures="0">
  <properties>
[...]
</properties>
  <testcase name="Dado que acesso a pagina home" classname="Cenario: registrar novo usuario com sucesso" time="0.001">
    <system-err><![CDATA[Starting ChromeDriver 108.0.5359.71 (1e0e3868ee06e91ad636a874420e3ca3ae3756ac-refs/branch-heads/5359@{#1016}) on port 31622
Only local connections are allowed.
Please see https://chromedriver.chromium.org/security-considerations for suggestions on keeping ChromeDriver safe.
ChromeDriver was started successfully.
dez 21, 2022 5:39:33 PM org.openqa.selenium.remote.ProtocolHandshake createSession
INFO: Detected dialect: W3C
]]></system-err>
  </testcase>
  <testcase name="E acesso cadastro de usuario" classname="Cenario: registrar novo usuario com sucesso" time="0"/>
  <testcase name="Quando preencho formulario de cadastro" classname="Cenario: registrar novo usuario com sucesso" time="0"/>
  <testcase name="E clico em registrar" classname="Cenario: registrar novo usuario com sucesso" time="0"/>
  <testcase name="Entao valido a mensagem cadastro realizado com sucesso" classname="Cenario: registrar novo usuario com sucesso" time="0"/>
  <testcase name="" classname="Cenario: registrar novo usuario com sucesso" time="0"/>
</testsuite>